<?xml version="1.0" encoding="UTF-8"?>
<!-- Generated by org.testng.reporters.JUnitReportReporter -->
<testsuite hostname="DESKTOP-CBA7UQ0" failures="0" tests="1" name="testNg.KiteTest" time="0.030" errors="0" timestamp="2020-11-30T15:49:28 IST" skipped="0">
  <testcase classname="testNg.KiteTest" name="TC1" time="0.030"/>
  <system-out/>
</testsuite> <!-- testNg.KiteTest -->
