<?xml version="1.0" encoding="UTF-8"?>
<!-- Generated by org.testng.reporters.JUnitReportReporter -->
<testsuite hostname="DESKTOP-CBA7UQ0" failures="0" tests="2" name="testNg.Sample" time="0.018" errors="0" timestamp="2020-11-30T16:11:13 IST" skipped="0">
  <testcase classname="testNg.Sample" name="TC2" time="0.009"/>
  <system-out/>
  <testcase classname="testNg.Sample" name="TC1" time="0.009"/>
  <system-out/>
</testsuite> <!-- testNg.Sample -->
