<?xml version="1.0" encoding="UTF-8"?>
<!-- Generated by org.testng.reporters.JUnitReportReporter -->
<testsuite skipped="0" hostname="DESKTOP-CBA7UQ0" name="ddf_pom_with_TestNG.KiteTest" tests="1" failures="0" timestamp="2020-12-06T09:42:55 IST" time="4.271" errors="0">
  <testcase name="verifyPN" time="4.271" classname="ddf_pom_with_TestNG.KiteTest"/>
  <system-out>
pass  </system-out>
</testsuite> <!-- ddf_pom_with_TestNG.KiteTest -->
