<?xml version="1.0" encoding="UTF-8"?>
<!-- Generated by org.testng.reporters.JUnitReportReporter -->
<testsuite skipped="0" hostname="DESKTOP-CBA7UQ0" name="pomwithTestNG.KiteLoginTest" tests="1" failures="0" timestamp="2020-12-06T01:37:53 IST" time="1.304" errors="0">
  <testcase name="logoutFromApp" time="1.304" classname="pomwithTestNG.KiteLoginTest"/>
  <system-out/>
</testsuite> <!-- pomwithTestNG.KiteLoginTest -->
