<?xml version="1.0" encoding="UTF-8"?>
<!-- Generated by org.testng.reporters.JUnitReportReporter -->
<testsuite skipped="0" hostname="DESKTOP-CBA7UQ0" name="failedTC.ExcuteFailedTC" tests="2" failures="0" timestamp="2020-12-08T22:47:30 IST" time="0.019" errors="0">
  <testcase name="TC1" time="0.015" classname="failedTC.ExcuteFailedTC"/>
  <system-out>
TC1  </system-out>
  <testcase name="TC2" time="0.004" classname="failedTC.ExcuteFailedTC"/>
  <system-out>
TC1  </system-out>
</testsuite> <!-- failedTC.ExcuteFailedTC -->
